ISim log file
Running: C:\Users\owl\repos\ledcubectrl\tb_top_isim_beh.exe -intstyle ise -gui -tclbatch isim.cmd -wdb C:/Users/owl/repos/ledcubectrl/tb_top_isim_beh.wdb 
ISim P.58f (signature 0x7708f090)
WARNING: A WEBPACK license was found.
WARNING: Please use Xilinx License Configuration Manager to check out a full ISim license.
WARNING: ISim will run in Lite mode. Please refer to the ISim documentation for more information on the differences between the Lite and the Full version.
This is a Lite version of ISim.
Time resolution is 1 ps
# onerror resume
# wave add /
# run 1000 ns
Simulator is doing circuit initialization process.
 Block Memory Generator CORE Generator module loading initial data...
 Block Memory Generator data initialization complete.
Block Memory Generator CORE Generator module tb_top.uut.frame_buffer1.inst.\native_mem_module.blk_mem_gen_v7_3_inst  is using a behavioral model for simulation which will not precisely model memory collision behavior.
Finished circuit initialization process.
# restart
# run all
Simulator is doing circuit initialization process.
 Block Memory Generator CORE Generator module loading initial data...
 Block Memory Generator data initialization complete.
Block Memory Generator CORE Generator module tb_top.uut.frame_buffer1.inst.\native_mem_module.blk_mem_gen_v7_3_inst  is using a behavioral model for simulation which will not precisely model memory collision behavior.
Finished circuit initialization process.
Stopped at time : 11580300 ns : File "C:/Users/owl/repos/ledcubectrl/tb_top.v" Line 40
# run all
Stopped at time : 19813450 ns : File "C:/Users/owl/repos/ledcubectrl/ipcore_dir/clk_gen.v" Line 137
